app/build/intermediates/manifest_merge_blame_file/release/manifest-merger-blame-release-report.txt
1<?xml version="1.0" encoding="utf-8"?>
2<manifest xmlns:android="http://schemas.android.com/apk/res/android"
3    package="com.example.fpdemo"
4    android:versionCode="2"
5    android:versionName="2.0" >
6
7    <uses-sdk
8        android:minSdkVersion="17"
8-->src/main/AndroidManifest.xml
9        android:targetSdkVersion="30" />
9-->src/main/AndroidManifest.xml
10
11    <uses-feature
11-->src/main/AndroidManifest.xml:5:5-85
12        android:name="android.hardware.usb.host"
12-->src/main/AndroidManifest.xml:5:19-59
13        android:required="true" />
13-->src/main/AndroidManifest.xml:5:60-83
14    <uses-feature android:name="android.hardware.usb.accessory" />
14-->src/main/AndroidManifest.xml:6:5-67
14-->src/main/AndroidManifest.xml:6:19-64
15
16    <uses-permission android:name="android.permission.WRITE_EXTERNAL_STORAGE" />
16-->src/main/AndroidManifest.xml:8:5-80
16-->src/main/AndroidManifest.xml:8:22-78
17    <uses-permission android:name="android.permission.READ_PHONE_STATE" />
17-->src/main/AndroidManifest.xml:9:5-75
17-->src/main/AndroidManifest.xml:9:22-72
18    <uses-permission android:name="android.permission.MOUNT_UNMOUNT_FILESYSTEMS" />
18-->src/main/AndroidManifest.xml:10:5-84
18-->src/main/AndroidManifest.xml:10:22-81
19    <uses-permission android:name="android.permission.INTERNET" />
19-->src/main/AndroidManifest.xml:11:5-66
19-->src/main/AndroidManifest.xml:11:22-64
20    <uses-permission android:name="android.permission.ACCESS_NETWORK_STATE" />
20-->src/main/AndroidManifest.xml:12:5-78
20-->src/main/AndroidManifest.xml:12:22-76
21    <uses-permission android:name="android.permission.CAMERA" />
21-->src/main/AndroidManifest.xml:13:5-65
21-->src/main/AndroidManifest.xml:13:22-62
22
23    <uses-feature
23-->src/main/AndroidManifest.xml:14:5-16:36
24        android:name="android.hardware.camera"
24-->src/main/AndroidManifest.xml:15:9-47
25        android:required="false" />
25-->src/main/AndroidManifest.xml:16:9-33
26
27    <application
27-->src/main/AndroidManifest.xml:18:5-41:19
28        android:name="android.support.multidex.MultiDexApplication"
29        android:allowBackup="false"
29-->src/main/AndroidManifest.xml:21:9-36
30        android:appComponentFactory="android.support.v4.app.CoreComponentFactory"
30-->[com.android.support:support-compat:28.0.0] AndroidManifest.xml:22:18-91
31        android:extractNativeLibs="true"
31-->src/main/AndroidManifest.xml:24:9-41
32        android:hardwareAccelerated="true"
32-->src/main/AndroidManifest.xml:25:9-43
33        android:icon="@drawable/logo"
33-->src/main/AndroidManifest.xml:19:9-38
34        android:label="@string/app_name"
34-->src/main/AndroidManifest.xml:20:9-41
35        android:networkSecurityConfig="@xml/network_security_config"
35-->src/main/AndroidManifest.xml:22:9-69
36        android:supportsRtl="true"
36-->src/main/AndroidManifest.xml:23:9-35
37        android:testOnly="true"
38        android:theme="@style/AppTheme"
38-->src/main/AndroidManifest.xml:27:9-40
39        android:usesCleartextTraffic="true" >
39-->src/main/AndroidManifest.xml:26:9-44
40        <activity
40-->src/main/AndroidManifest.xml:28:9-36:20
41            android:name="com.trackingworld.handsets.MainActivity"
41-->src/main/AndroidManifest.xml:29:13-67
42            android:label="@string/app_name" >
42-->src/main/AndroidManifest.xml:30:13-45
43            <intent-filter>
43-->src/main/AndroidManifest.xml:31:13-34:29
44                <action android:name="android.intent.action.MAIN" />
44-->src/main/AndroidManifest.xml:32:17-69
44-->src/main/AndroidManifest.xml:32:25-66
45
46                <category android:name="android.intent.category.LAUNCHER" />
46-->src/main/AndroidManifest.xml:33:17-77
46-->src/main/AndroidManifest.xml:33:27-74
47            </intent-filter>
48        </activity>
49        <activity
49-->src/main/AndroidManifest.xml:37:9-40:20
50            android:name="com.trackingworld.handsets.MatchActivity"
50-->src/main/AndroidManifest.xml:38:13-68
51            android:label="@string/app_name" >
51-->src/main/AndroidManifest.xml:39:13-45
52        </activity>
53    </application>
54
55</manifest>